<?xml version="1.0" encoding="UTF-8"?>
<!-- Generated by org.testng.reporters.JUnitReportReporter -->
<testsuite skipped="0" hostname="BQ02-249" name="controller.OrderCancel2" tests="2" failures="0" timestamp="2020-10-29T11:17:10 CST" time="3.704" errors="0">
  <testcase name="order_Cancel" time="3.002" classname="controller.OrderCancel2"/>
  <system-out/>
  <testcase name="cancel_Check" time="0.702" classname="controller.OrderCancel2"/>
  <system-out/>
</testsuite> <!-- controller.OrderCancel2 -->
