<?xml version="1.0" encoding="UTF-8"?>
<!-- Generated by org.testng.reporters.JUnitReportReporter -->
<testsuite skipped="1" hostname="BQ02-249" name="controller.ReturnBack1" tests="2" failures="0" timestamp="2020-10-29T10:10:41 CST" time="0.513" errors="0">
  <testcase name="return_To_Oms" time="0.513" classname="controller.ReturnBack1"/>
  <system-out>
success=> 《测试通过!》  </system-out>
  <testcase name="return_To_Oms2" classname="controller.ReturnBack1">
    <skipped/>
  </testcase> <!-- return_To_Oms2 -->
  <system-out/>
</testsuite> <!-- controller.ReturnBack1 -->
