<?xml version="1.0" encoding="UTF-8"?>
<!-- Generated by org.testng.reporters.JUnitReportReporter -->
<testsuite skipped="0" hostname="BQ02-249" name="controller.ReturnCreate1" tests="1" failures="0" timestamp="2020-10-30T21:21:37 CST" time="4.700" errors="0">
  <testcase name="insertTmRefundOnly" time="4.700" classname="controller.ReturnCreate1"/>
  <system-out/>
</testsuite> <!-- controller.ReturnCreate1 -->
