<?xml version="1.0" encoding="UTF-8"?>
<!-- Generated by org.testng.reporters.JUnitReportReporter -->
<testsuite skipped="0" hostname="BQ02-249" name="controller.Sales_Shipping_Data" tests="1" failures="0" timestamp="2020-10-29T15:40:08 CST" time="6.998" errors="0">
  <testcase name="execute_Timed_Task" time="6.998" classname="controller.Sales_Shipping_Data"/>
  <system-out/>
</testsuite> <!-- controller.Sales_Shipping_Data -->
