<?xml version="1.0" encoding="UTF-8"?>
<!-- Generated by org.testng.reporters.JUnitReportReporter -->
<testsuite skipped="0" hostname="BQ02-249" name="controller2.Wms_ReturnOrder" tests="1" failures="0" timestamp="2020-10-30T22:03:38 CST" time="3.788" errors="0">
  <testcase name="return_To_Hub" time="3.788" classname="controller2.Wms_ReturnOrder"/>
  <system-out/>
</testsuite> <!-- controller2.Wms_ReturnOrder -->
