<?xml version="1.0" encoding="UTF-8"?>
<!-- Generated by org.testng.reporters.JUnitReportReporter -->
<testsuite skipped="0" hostname="BQ02-249" name="controller.DeliveryOrder2" tests="2" failures="0" timestamp="2020-10-29T11:16:54 CST" time="4.490" errors="0">
  <testcase name="delivery_To_Hub" time="3.447" classname="controller.DeliveryOrder2"/>
  <system-out/>
  <testcase name="delivery_Data_Check" time="1.043" classname="controller.DeliveryOrder2"/>
  <system-out/>
</testsuite> <!-- controller.DeliveryOrder2 -->
