<?xml version="1.0" encoding="UTF-8"?>
<!-- Generated by org.testng.reporters.JUnitReportReporter -->
<testsuite skipped="0" hostname="BQ02-249" name="controller.DeliveryOrder1" tests="2" failures="0" timestamp="2020-10-30T17:56:45 CST" time="4.247" errors="0">
  <testcase name="delivery_To_Hub" time="3.336" classname="controller.DeliveryOrder1"/>
  <system-out/>
  <testcase name="delivery_Data_Check" time="0.911" classname="controller.DeliveryOrder1"/>
  <system-out/>
</testsuite> <!-- controller.DeliveryOrder1 -->
