<?xml version="1.0" encoding="UTF-8"?>
<!-- Generated by org.testng.reporters.JUnitReportReporter -->
<testsuite skipped="0" hostname="BQ02-249" name="controller.OrderCancel1" tests="2" failures="0" timestamp="2020-10-28T17:01:48 CST" time="3.649" errors="0">
  <testcase name="order_Cancel" time="2.976" classname="controller.OrderCancel1"/>
  <system-out/>
  <testcase name="cancel_Check" time="0.673" classname="controller.OrderCancel1"/>
  <system-out/>
</testsuite> <!-- controller.OrderCancel1 -->
