<?xml version="1.0" encoding="UTF-8"?>
<!-- Generated by org.testng.reporters.JUnitReportReporter -->
<testsuite skipped="0" hostname="BQ02-249" name="controller2.Wms_ReturnOrderConfirm" tests="1" failures="0" timestamp="2020-10-30T20:28:15 CST" time="1.685" errors="0">
  <testcase name="stockOutConfirm" time="1.685" classname="controller2.Wms_ReturnOrderConfirm"/>
  <system-out/>
</testsuite> <!-- controller2.Wms_ReturnOrderConfirm -->
