<?xml version="1.0" encoding="UTF-8"?>
<!-- Generated by org.testng.reporters.JUnitReportReporter -->
<testsuite skipped="0" hostname="BQ02-249" name="controller.ReturnCreate1" tests="1" failures="0" timestamp="2020-10-28T11:06:35 CST" time="5.042" errors="0">
  <testcase name="insertTmRefundOnly" time="5.042" classname="controller.ReturnCreate1"/>
  <system-out/>
</testsuite> <!-- controller.ReturnCreate -->
