<?xml version="1.0" encoding="UTF-8"?>
<!-- Generated by org.testng.reporters.JUnitReportReporter -->
<testsuite skipped="2" hostname="BQ02-249" name="controller.DeliveryBack" tests="3" failures="0" timestamp="2020-10-29T11:19:05 CST" time="0.499" errors="0">
  <testcase name="delivery_To_Oms" time="0.499" classname="controller.DeliveryBack"/>
  <system-out>
success=> 《测试通过!》  </system-out>
  <testcase name="return_To_Hub" classname="controller.DeliveryBack">
    <skipped/>
  </testcase> <!-- return_To_Hub -->
  <system-out/>
  <testcase name="return_Data_Check" classname="controller.DeliveryBack">
    <skipped/>
  </testcase> <!-- return_Data_Check -->
  <system-out/>
</testsuite> <!-- controller.DeliveryBack -->
