<?xml version="1.0" encoding="UTF-8"?>
<!-- Generated by org.testng.reporters.JUnitReportReporter -->
<testsuite skipped="0" hostname="BQ02-249" name="controller2.Wms_DeliveryBack" tests="1" failures="0" timestamp="2020-10-30T21:21:22 CST" time="1.757" errors="0">
  <testcase name="deliveryOrder" time="1.757" classname="controller2.Wms_DeliveryBack"/>
  <system-out/>
</testsuite> <!-- controller2.Wms_DeliveryBack -->
