<?xml version="1.0" encoding="UTF-8"?>
<!-- Generated by org.testng.reporters.JUnitReportReporter -->
<testsuite skipped="0" hostname="BQ02-249" name="controller.RefundCreate1" tests="1" failures="0" timestamp="2020-10-25T16:57:52 CST" time="4.161" errors="0">
  <testcase name="insertTmRefundOnly" time="4.161" classname="controller.RefundCreate1"/>
  <system-out/>
</testsuite> <!-- controller.RefundCreate -->
