<?xml version="1.0" encoding="UTF-8"?>
<!-- Generated by org.testng.reporters.JUnitReportReporter -->
<testsuite skipped="0" hostname="BQ02-249" name="controller.ReturnOrder1" tests="2" failures="0" timestamp="2020-10-30T17:40:57 CST" time="3.865" errors="0">
  <testcase name="return_To_Hub" time="3.208" classname="controller.ReturnOrder1"/>
  <system-out/>
  <testcase name="return_Data_Check" time="0.657" classname="controller.ReturnOrder1"/>
  <system-out/>
</testsuite> <!-- controller.ReturnOrder1 -->
