<?xml version="1.0" encoding="UTF-8"?>
<!-- Generated by org.testng.reporters.JUnitReportReporter -->
<testsuite skipped="0" hostname="BQ02-249" name="controller.Return_Match_Data" tests="1" failures="0" timestamp="2020-10-29T15:37:08 CST" time="5.286" errors="0">
  <testcase name="execute_Timed_Task" time="5.286" classname="controller.Return_Match_Data"/>
  <system-out/>
</testsuite> <!-- controller.Return_Match_Data -->
