<?xml version="1.0" encoding="UTF-8"?>
<!-- Generated by org.testng.reporters.JUnitReportReporter -->
<testsuite skipped="0" hostname="BQ02-249" name="controller2.Wms_StockOutConfirm" tests="1" failures="0" timestamp="2020-10-29T16:17:25 CST" time="0.327" errors="0">
  <testcase name="stockOutConfirm" time="0.327" classname="controller2.Wms_StockOutConfirm"/>
  <system-out/>
</testsuite> <!-- controller2.Wms_StockOutConfirm -->
