<?xml version="1.0" encoding="UTF-8"?>
<!-- Generated by org.testng.reporters.JUnitReportReporter -->
<testsuite skipped="0" hostname="BQ02-249" name="controller.OrderCreate2" tests="1" failures="0" timestamp="2020-11-04T14:52:42 CST" time="7.227" errors="0">
  <testcase name="getTMorder" time="7.227" classname="controller.OrderCreate2"/>
  <system-out/>
</testsuite> <!-- controller.OrderCreate2 -->
