<?xml version="1.0" encoding="UTF-8"?>
<!-- Generated by org.testng.reporters.JUnitReportReporter -->
<testsuite skipped="0" hostname="BQ02-249" name="controller.ReturnRemove" tests="2" failures="0" timestamp="2020-10-28T15:10:48 CST" time="4.273" errors="0">
  <testcase name="returnRemove_To_Hub" time="3.607" classname="controller.ReturnRemove"/>
  <system-out/>
  <testcase name="returnRemove_Data_Check" time="0.666" classname="controller.ReturnRemove"/>
  <system-out/>
</testsuite> <!-- controller.ReturnRemove -->
