<?xml version="1.0" encoding="UTF-8"?>
<!-- Generated by org.testng.reporters.JUnitReportReporter -->
<testsuite skipped="0" hostname="BQ02-249" name="controller.ReturnOrder2" tests="2" failures="0" timestamp="2020-10-26T18:03:59 CST" time="4.030" errors="0">
  <testcase name="return_To_Hub" time="3.308" classname="controller.ReturnOrder2"/>
  <system-out/>
  <testcase name="return_Data_Check" time="0.722" classname="controller.ReturnOrder2"/>
  <system-out/>
</testsuite> <!-- controller.ReturnOrder2 -->
