<?xml version="1.0" encoding="UTF-8"?>
<!-- Generated by org.testng.reporters.JUnitReportReporter -->
<testsuite skipped="0" hostname="BQ02-249" name="controller2.Wms_DeliveryOrder" tests="1" failures="0" timestamp="2020-10-30T20:27:28 CST" time="4.395" errors="0">
  <testcase name="delivery_To_Hub" time="4.395" classname="controller2.Wms_DeliveryOrder"/>
  <system-out/>
</testsuite> <!-- controller2.Wms_DeliveryOrder -->
