<?xml version="1.0" encoding="UTF-8"?>
<!-- Generated by org.testng.reporters.JUnitReportReporter -->
<testsuite skipped="0" hostname="BQ02-249" name="controller.OrderCreate1" tests="1" failures="0" timestamp="2020-11-06T15:06:43 CST" time="14.893" errors="0">
  <testcase name="getTMOrder" time="14.893" classname="controller.OrderCreate1"/>
  <system-out/>
</testsuite> <!-- controller.OrderCreate1 -->
