<?xml version="1.0" encoding="UTF-8"?>
<!-- Generated by org.testng.reporters.JUnitReportReporter -->
<testsuite skipped="0" hostname="BQ02-249" name="controller.OrderCreate" tests="1" failures="0" timestamp="2020-10-16T13:35:05 CST" time="7.269" errors="0">
  <testcase name="delivery_To_Hub" time="7.269" classname="controller.OrderCreate"/>
  <system-out/>
</testsuite> <!-- controller.OrderCreate -->
