<?xml version="1.0" encoding="UTF-8"?>
<!-- Generated by org.testng.reporters.JUnitReportReporter -->
<testsuite skipped="0" hostname="BQ02-249" name="controller.ReturnRefundCreate" tests="1" failures="0" timestamp="2020-10-25T13:38:09 CST" time="4.697" errors="0">
  <testcase name="insertTmRefundOnly" time="4.697" classname="controller.ReturnRefundCreate"/>
  <system-out/>
</testsuite> <!-- controller.ReturnRefundCreate -->
