<?xml version="1.0" encoding="UTF-8"?>
<!-- Generated by org.testng.reporters.JUnitReportReporter -->
<testsuite skipped="0" hostname="BQ02-249" name="controller.ReturnCreate2" tests="1" failures="0" timestamp="2020-10-30T21:21:49 CST" time="4.331" errors="0">
  <testcase name="insertTmRefundOnly" time="4.331" classname="controller.ReturnCreate2"/>
  <system-out/>
</testsuite> <!-- controller.ReturnCreate2 -->
