<?xml version="1.0" encoding="UTF-8"?>
<!-- Generated by org.testng.reporters.JUnitReportReporter -->
<testsuite skipped="0" hostname="BQ02-249" name="controller2.Wms_EntryOrderConfirm" tests="1" failures="0" timestamp="2020-10-29T16:20:56 CST" time="0.280" errors="0">
  <testcase name="entryOrderConfirm" time="0.280" classname="controller2.Wms_EntryOrderConfirm"/>
  <system-out/>
</testsuite> <!-- controller2.Wms_EntryOrderConfirm -->
